<?xml version="1.0" encoding="UTF-8"?>
<testsuite name="es.unizar.iaaa.crawler.butler.builders.CoordinatorTest" tests="1" skipped="0" failures="0" errors="0" timestamp="2016-03-09T17:56:30" hostname="shathe" time="0.121">
  <properties/>
  <testcase name="firstRun" classname="es.unizar.iaaa.crawler.butler.builders.CoordinatorTest" time="0.121"/>
  <system-out><![CDATA[DockerOS: Docker image based on ubuntu version 14.04
CrawlSystem: Crawler system: nutch version 1.9
	Seeds: [https://dzone.com/articles/using-yaml-java-application, https://dzone.com/articles/]
	Plugins: [nombrePlugin1, nombrePlugin2]
	Links limit for URL: 2
	format of the info Crawled: text
	Number of rounds: 10000
	Max Crawl delay to fetch: 50
	length limit for downloaded content: 65536
	links from the same host are ignored: true
	queue Mode: byHost
	Timeouts:
		number of times a thread will delay when trying to fetch a page: 100
		seconds for the parsing of a document: 30
		network: 10000



]]></system-out>
  <system-err><![CDATA[]]></system-err>
</testsuite>
